<?xml version="1.0" encoding="UTF-8"?>
<!-- Generated by org.testng.reporters.JUnitReportReporter -->
<testsuite hostname="Sivam" failures="0" tests="3" name="executionPack.DependenciesManagementExample" time="0.013" errors="0" timestamp="2023-07-09T19:06:04 IST" skipped="0">
  <testcase classname="executionPack.DependenciesManagementExample" name="arstsandScienceCollege" time="0.001"/>
  <system-out/>
  <testcase classname="executionPack.DependenciesManagementExample" name="highSchool" time="0.010"/>
  <system-out/>
  <testcase classname="executionPack.DependenciesManagementExample" name="highSecondarySchool" time="0.002"/>
  <system-out/>
</testsuite> <!-- executionPack.DependenciesManagementExample -->
