<?xml version="1.0" encoding="UTF-8"?>
<!-- Generated by org.testng.reporters.JUnitReportReporter -->
<testsuite hostname="Sivam" failures="0" tests="5" name="executionPack.PriorityExample" time="0.004" errors="0" timestamp="2023-07-09T19:06:04 IST" skipped="1">
  <testcase classname="executionPack.PriorityExample" name="startTheCar" time="0.001"/>
  <system-out/>
  <testcase classname="executionPack.PriorityExample" name="firstGear" time="0.001"/>
  <system-out/>
  <testcase classname="executionPack.PriorityExample" name="secondGear" time="0.001"/>
  <system-out/>
  <testcase classname="executionPack.PriorityExample" name="thirdGear" time="0.001"/>
  <system-out/>
  <testcase classname="executionPack.PriorityExample" name="turnedOnMusic">
    <skipped/>
  </testcase> <!-- turnedOnMusic -->
  <system-out/>
</testsuite> <!-- executionPack.PriorityExample -->
