<?xml version="1.0" encoding="UTF-8"?>
<!-- Generated by org.testng.reporters.JUnitReportReporter -->
<testsuite hostname="Sivam" failures="0" tests="2" name="executionPack.OrderOFAnnotations" time="0.008" errors="0" timestamp="2023-07-09T20:03:08 IST" skipped="0">
  <testcase classname="executionPack.OrderOFAnnotations" name="f" time="0.007"/>
  <system-out/>
  <testcase classname="executionPack.OrderOFAnnotations" name="f2" time="0.001"/>
  <system-out/>
</testsuite> <!-- executionPack.OrderOFAnnotations -->
