<?xml version="1.0" encoding="UTF-8"?>
<!-- Generated by org.testng.reporters.JUnitReportReporter -->
<testsuite hostname="Sivam" failures="0" tests="3" name="executionPack.GroupingExample" time="0.004" errors="0" timestamp="2023-07-09T19:16:25 IST" skipped="0">
  <testcase classname="executionPack.GroupingExample" name="apple2" time="0.002"/>
  <system-out/>
  <testcase classname="executionPack.GroupingExample" name="apple1" time="0.002"/>
  <system-out/>
  <testcase classname="executionPack.GroupingExample" name="apple3" time="0.000"/>
  <system-out/>
</testsuite> <!-- executionPack.GroupingExample -->
