<?xml version="1.0" encoding="UTF-8"?>
<!-- Generated by org.testng.reporters.JUnitReportReporter -->
<testsuite hostname="Sivam" failures="0" tests="1" name="executionPack.TestExe" time="0.385" errors="0" timestamp="2023-07-28T08:12:03 IST" skipped="0">
  <testcase classname="executionPack.TestExe" name="one" time="0.385"/>
  <system-out/>
</testsuite> <!-- executionPack.TestExe -->
