<?xml version="1.0" encoding="UTF-8"?>
<!-- Generated by org.testng.reporters.JUnitReportReporter -->
<testsuite hostname="Sivam" failures="0" tests="2" name="executionPack.ParameterizationExample" time="4.230" errors="0" timestamp="2023-07-09T19:44:12 IST" skipped="0">
  <testcase classname="executionPack.ParameterizationExample" name="crossBorwser" time="2.575"/>
  <system-out/>
  <testcase classname="executionPack.ParameterizationExample" name="google" time="1.655"/>
  <system-out/>
</testsuite> <!-- executionPack.ParameterizationExample -->
