<?xml version="1.0" encoding="UTF-8"?>
<!-- Generated by org.testng.reporters.JUnitReportReporter -->
<testsuite hostname="Sivam" failures="0" tests="4" name="executionPack.DataProviderExample" time="4.846" errors="0" timestamp="2023-07-16T19:00:00 IST" skipped="0">
  <testcase classname="executionPack.DataProviderExample" name="ornHRMDemo" time="1.688"/>
  <system-out/>
  <testcase classname="executionPack.DataProviderExample" name="ornHRMDemo" time="1.450"/>
  <system-out/>
  <testcase classname="executionPack.DataProviderExample" name="ornHRMDemo" time="1.182"/>
  <system-out/>
  <testcase classname="executionPack.DataProviderExample" name="ornHRMDemo" time="0.526"/>
  <system-out/>
</testsuite> <!-- executionPack.DataProviderExample -->
