<?xml version="1.0" encoding="UTF-8"?>
<!-- Generated by org.testng.reporters.JUnitReportReporter -->
<testsuite hostname="Sivam" failures="0" tests="4" name="executionPack.ParallelExample" time="15.385" errors="0" timestamp="2023-07-09T19:57:44 IST" skipped="0">
  <testcase classname="executionPack.ParallelExample" name="wikipedia" time="2.919"/>
  <system-out/>
  <testcase classname="executionPack.ParallelExample" name="flipkart" time="4.969"/>
  <system-out/>
  <testcase classname="executionPack.ParallelExample" name="amazon" time="4.436"/>
  <system-out/>
  <testcase classname="executionPack.ParallelExample" name="google" time="3.061"/>
  <system-out/>
</testsuite> <!-- executionPack.ParallelExample -->
