<?xml version="1.0" encoding="UTF-8"?>
<!-- Generated by org.testng.reporters.JUnitReportReporter -->
<testsuite hostname="Sivam" failures="0" tests="3" name="executionPack.TestCase" time="2.077" errors="0" timestamp="2023-07-09T19:06:04 IST" skipped="0">
  <testcase classname="executionPack.TestCase" name="bing" time="0.375"/>
  <system-out/>
  <testcase classname="executionPack.TestCase" name="google" time="1.115"/>
  <system-out/>
  <testcase classname="executionPack.TestCase" name="wickie" time="0.587"/>
  <system-out/>
</testsuite> <!-- executionPack.TestCase -->
